verbose - Object: Activating qiskit-vscode extension...
verbose - Object: âœ¨ Activating qiskit-vscode extension... âœ¨
verbose - Object: Checking for Python dependencies...
verbose - Object: Package: python Version: 3.9.13
verbose - Object: Package: pip Version: 22.2.2
verbose - Object: Check for required python packages...
debug - PackageManager: Checking package qiskit 0.6.0 installation
debug - PackageManager: Checking package qiskit-aqua 0.4.0 installation
debug - PackageManager: Checking package qiskit-chemistry 0.4.2 installation
debug - PackageManager: Checking package IBMQuantumExperience 2.0.4 installation
verbose - unknown: Qiskit VSCode Extension dependencies found! ðŸ‘Œ python v 3.9.13
ðŸ‘Œ pip v 22.2.2

verbose - Object: qiskit-vscode extension successfully loaded!
verbose - Object: ðŸš€ qiskit-vscode extension loaded! ðŸš€
verbose - PackageManager: Starting installation process for qiskit ...
verbose - PackageManager: Starting installation process for qiskit-chemistry ...
verbose - PackageManager: Starting non-mandatory update process for qiskit-aqua ...
verbose - PackageManager: Starting non-mandatory update process for IBMQuantumExperience ...
verbose - PackageManager: qiskit-aqua is already installed
info - Object: Go to update qiskit-aqua
verbose - Object: ðŸ‘Œ qiskit-aqua is already installed
verbose - PackageManager: IBMQuantumExperience is already installed
info - Object: Go to update IBMQuantumExperience
verbose - Object: ðŸ‘Œ IBMQuantumExperience is already installed
verbose - PackageManager: Clicked on OK!
verbose - PackageManager: Clicked on Dismiss!
info - PackageManager: Package [object Object] do not updated. The user rejected the update
info - Object: Go to install qiskit-chemistry
verbose - PipExecutor: Package qiskit installed: Collecting qiskit
  Using cached qiskit-0.41.0.tar.gz (14 kB)
  Preparing metadata (setup.py): started
  Preparing metadata (setup.py): finished with status 'done'
Requirement already satisfied: qiskit-terra==0.23.1 in /home/piter/anaconda3/lib/python3.9/site-packages (from qiskit) (0.23.1)
Collecting qiskit-aer==0.11.2
  Downloading qiskit_aer-0.11.2-cp39-cp39-manylinux_2_17_x86_64.manylinux2014_x86_64.whl (12.8 MB)
     â”â”â”â”â”â”â”â”â”â”â”â”â”â”â”â”â”â”â”â”â”â”â”â”â”â”â”â”â”â”â”â”â”â”â”â”â”â”â”â” 12.8/12.8 MB 5.6 MB/s eta 0:00:00
Collecting qiskit-ibmq-provider==0.20.0
  Using cached qiskit_ibmq_provider-0.20.0-py3-none-any.whl (241 kB)
Requirement already satisfied: scipy>=1.0 in /home/piter/anaconda3/lib/python3.9/site-packages (from qiskit-aer==0.11.2->qiskit) (1.9.1)
Requirement already satisfied: numpy>=1.16.3 in /home/piter/anaconda3/lib/python3.9/site-packages (from qiskit-aer==0.11.2->qiskit) (1.21.5)
Requirement already satisfied: websocket-client<=1.3.3 in /home/piter/anaconda3/lib/python3.9/site-packages (from qiskit-ibmq-provider==0.20.0->qiskit) (0.58.0)
Requirement already satisfied: python-dateutil>=2.8.0 in /home/piter/anaconda3/lib/python3.9/site-packages (from qiskit-ibmq-provider==0.20.0->qiskit) (2.8.2)
Requirement already satisfied: requests-ntlm>=1.1.0 in /home/piter/anaconda3/lib/python3.9/site-packages (from qiskit-ibmq-provider==0.20.0->qiskit) (1.2.0)
Collecting websockets>=10.0
  Downloading websockets-10.4-cp39-cp39-manylinux_2_5_x86_64.manylinux1_x86_64.manylinux_2_17_x86_64.manylinux2014_x86_64.whl (106 kB)
     â”â”â”â”â”â”â”â”â”â”â”â”â”â”â”â”â”â”â”â”â”â”â”â”â”â”â”â”â”â”â”â”â”â”â”â”â”â”â” 106.5/106.5 kB 5.2 MB/s eta 0:00:00
Requirement already satisfied: urllib3>=1.21.1 in /home/piter/anaconda3/lib/python3.9/site-packages (from qiskit-ibmq-provider==0.20.0->qiskit) (1.26.11)
Requirement already satisfied: requests>=2.19 in /home/piter/anaconda3/lib/python3.9/site-packages (from qiskit-ibmq-provider==0.20.0->qiskit) (2.28.1)
Requirement already satisfied: symengine>=0.9 in /home/piter/anaconda3/lib/python3.9/site-packages (from qiskit-terra==0.23.1->qiskit) (0.9.2)
Requirement already satisfied: dill>=0.3 in /home/piter/anaconda3/lib/python3.9/site-packages (from qiskit-terra==0.23.1->qiskit) (0.3.4)
Requirement already satisfied: stevedore>=3.0.0 in /home/piter/anaconda3/lib/python3.9/site-packages (from qiskit-terra==0.23.1->qiskit) (5.0.0)
Requirement already satisfied: ply>=3.10 in /home/piter/anaconda3/lib/python3.9/site-packages (from qiskit-terra==0.23.1->qiskit) (3.11)
Requirement already satisfied: sympy>=1.3 in /home/piter/anaconda3/lib/python3.9/site-packages (from qiskit-terra==0.23.1->qiskit) (1.10.1)
Requirement already satisfied: psutil>=5 in /home/piter/anaconda3/lib/python3.9/site-packages (from qiskit-terra==0.23.1->qiskit) (5.9.0)
Requirement already satisfied: rustworkx>=0.12.0 in /home/piter/anaconda3/lib/python3.9/site-packages (from qiskit-terra==0.23.1->qiskit) (0.12.1)
Requirement already satisfied: six>=1.5 in /home/piter/anaconda3/lib/python3.9/site-packages (from python-dateutil>=2.8.0->qiskit-ibmq-provider==0.20.0->qiskit) (1.16.0)
Requirement already satisfied: idna<4,>=2.5 in /home/piter/anaconda3/lib/python3.9/site-packages (from requests>=2.19->qiskit-ibmq-provider==0.20.0->qiskit) (3.3)
Requirement already satisfied: certifi>=2017.4.17 in /home/piter/anaconda3/lib/python3.9/site-packages (from requests>=2.19->qiskit-ibmq-provider==0.20.0->qiskit) (2022.9.14)
Requirement already satisfied: charset-normalizer<3,>=2 in /home/piter/anaconda3/lib/python3.9/site-packages (from requests>=2.19->qiskit-ibmq-provider==0.20.0->qiskit) (2.0.4)
Requirement already satisfied: pyspnego>=0.1.6 in /home/piter/anaconda3/lib/python3.9/site-packages (from requests-ntlm>=1.1.0->qiskit-ibmq-provider==0.20.0->qiskit) (0.8.0)
Requirement already satisfied: cryptography>=1.3 in /home/piter/anaconda3/lib/python3.9/site-packages (from requests-ntlm>=1.1.0->qiskit-ibmq-provider==0.20.0->qiskit) (37.0.1)
Requirement already satisfied: pbr!=2.1.0,>=2.0.0 in /home/piter/anaconda3/lib/python3.9/site-packages (from stevedore>=3.0.0->qiskit-terra==0.23.1->qiskit) (5.11.1)
Requirement already satisfied: mpmath>=0.19 in /home/piter/anaconda3/lib/python3.9/site-packages (from sympy>=1.3->qiskit-terra==0.23.1->qiskit) (1.2.1)
Requirement already satisfied: cffi>=1.12 in /home/piter/anaconda3/lib/python3.9/site-packages (from cryptography>=1.3->requests-ntlm>=1.1.0->qiskit-ibmq-provider==0.20.0->qiskit) (1.15.1)
Requirement already satisfied: pycparser in /home/piter/anaconda3/lib/python3.9/site-packages (from cffi>=1.12->cryptography>=1.3->requests-ntlm>=1.1.0->qiskit-ibmq-provider==0.20.0->qiskit) (2.21)
Building wheels for collected packages: qiskit
  Building wheel for qiskit (setup.py): started
  Building wheel for qiskit (setup.py): finished with status 'done'
  Created wheel for qiskit: filename=qiskit-0.41.0-py3-none-any.whl size=12827 sha256=2645d5f385d2c84c86835c3eee17fed7eb5fc2a1c36a41cad6c688d325a1d2d0
  Stored in directory: /home/piter/.cache/pip/wheels/48/c7/82/0249cc392d60d625a8e428ae5254ef3623e50de423cb4b33ad
Successfully built qiskit
Installing collected packages: websockets, qiskit-aer, qiskit-ibmq-provider, qiskit
Successfully installed qiskit-0.41.0 qiskit-aer-0.11.2 qiskit-ibmq-provider-0.20.0 websockets-10.4

info - PackageManager: Package [object Object] installed
info - Object: Go to install qiskit
verbose - Object: Deactivating Qiskit extension ...
verbose - Object: Activating qiskit-vscode extension...
verbose - Object: âœ¨ Activating qiskit-vscode extension... âœ¨
verbose - Object: Checking for Python dependencies...
verbose - Object: Package: python Version: 3.9.13
verbose - Object: Package: pip Version: 22.2.2
verbose - Object: Check for required python packages...
debug - PackageManager: Checking package qiskit 0.6.0 installation
debug - PackageManager: Checking package qiskit-aqua 0.4.0 installation
debug - PackageManager: Checking package qiskit-chemistry 0.4.2 installation
debug - PackageManager: Checking package IBMQuantumExperience 2.0.4 installation
verbose - unknown: Qiskit VSCode Extension dependencies found! ðŸ‘Œ python v 3.9.13
ðŸ‘Œ pip v 22.2.2

verbose - Object: qiskit-vscode extension successfully loaded!
verbose - Object: ðŸš€ qiskit-vscode extension loaded! ðŸš€
verbose - PackageManager: Starting installation process for qiskit-chemistry ...
verbose - PackageManager: Starting non-mandatory update process for qiskit-aqua ...
verbose - PackageManager: Starting non-mandatory update process for IBMQuantumExperience ...
verbose - PackageManager: Starting non-mandatory update process for qiskit ...
verbose - PackageManager: qiskit-aqua is already installed
info - Object: Go to update qiskit-aqua
verbose - Object: ðŸ‘Œ qiskit-aqua is already installed
verbose - PackageManager: IBMQuantumExperience is already installed
info - Object: Go to update IBMQuantumExperience
verbose - Object: ðŸ‘Œ IBMQuantumExperience is already installed
verbose - PackageManager: qiskit is already installed
info - Object: Go to update qiskit
verbose - Object: ðŸ‘Œ qiskit is already installed
verbose - PackageManager: Clicked on Dismiss!
info - PackageManager: Package [object Object] do not updated. The user rejected the update
info - Object: Go to install qiskit-chemistry
verbose - Object: Deactivating Qiskit extension ...
verbose - Object: Activating qiskit-vscode extension...
verbose - Object: âœ¨ Activating qiskit-vscode extension... âœ¨
verbose - Object: Checking for Python dependencies...
verbose - Object: Package: python Version: 3.9.13
verbose - Object: Package: pip Version: 22.2.2
verbose - Object: Check for required python packages...
debug - PackageManager: Checking package qiskit 0.6.0 installation
debug - PackageManager: Checking package qiskit-aqua 0.4.0 installation
debug - PackageManager: Checking package qiskit-chemistry 0.4.2 installation
debug - PackageManager: Checking package IBMQuantumExperience 2.0.4 installation
verbose - unknown: Qiskit VSCode Extension dependencies found! ðŸ‘Œ python v 3.9.13
ðŸ‘Œ pip v 22.2.2

verbose - Object: qiskit-vscode extension successfully loaded!
verbose - Object: ðŸš€ qiskit-vscode extension loaded! ðŸš€
verbose - PackageManager: Starting installation process for qiskit-chemistry ...
verbose - PackageManager: Clicked on Dismiss!
info - PackageManager: Package [object Object] do not updated. The user rejected the update
info - Object: Go to install qiskit-chemistry
verbose - PackageManager: Starting non-mandatory update process for qiskit ...
verbose - PackageManager: Starting non-mandatory update process for IBMQuantumExperience ...
verbose - PackageManager: Starting non-mandatory update process for qiskit-aqua ...
verbose - PackageManager: Starting update process for qiskit ...
verbose - PackageManager: IBMQuantumExperience is already installed
info - Object: Go to update IBMQuantumExperience
verbose - Object: ðŸ‘Œ IBMQuantumExperience is already installed
verbose - PackageManager: qiskit-aqua is already installed
info - Object: Go to update qiskit-aqua
verbose - Object: ðŸ‘Œ qiskit-aqua is already installed
verbose - Object: Deactivating Qiskit extension ...
verbose - PackageManager: Starting installation process for qiskit ...
